<?xml version="1.0" encoding="UTF-8"?>
<!-- Generated by org.testng.reporters.JUnitReportReporter -->
<testsuite hostname="DESKTOP-ADRDOUL" failures="0" tests="2" name="runner.TestNGTestRunner" time="39.209" errors="0" timestamp="2024-10-04T20:17:05 IST" skipped="0">
  <testcase classname="runner.TestNGTestRunner" name="runScenario" time="27.264"/>
  <system-out/>
  <testcase classname="runner.TestNGTestRunner" name="runScenario" time="11.945"/>
  <system-out/>
</testsuite> <!-- runner.TestNGTestRunner -->
